0 info it worked if it ends with ok
1 verbose cli [ 'C:\\node\\node.exe',
1 verbose cli   'C:\\node\\node_modules\\npm\\bin\\npm-cli.js',
1 verbose cli   'start' ]
2 info using npm@3.10.10
3 info using node@v6.9.4
4 verbose run-script [ 'prestart', 'start', 'poststart' ]
5 info lifecycle jumpnotes@1.0.0~prestart: jumpnotes@1.0.0
6 silly lifecycle jumpnotes@1.0.0~prestart: no script for prestart, continuing
7 info lifecycle jumpnotes@1.0.0~start: jumpnotes@1.0.0
8 verbose lifecycle jumpnotes@1.0.0~start: unsafe-perm in lifecycle true
9 verbose lifecycle jumpnotes@1.0.0~start: PATH: C:\node\node_modules\npm\bin\node-gyp-bin;C:\Users\oranm\Google Drive\01-Coding\jumpnotes\node_modules\.bin;C:\Program Files\Docker\Docker\Resources\bin;C:\ProgramData\Oracle\Java\javapath;C:\WINDOWS\system32;C:\WINDOWS;C:\WINDOWS\System32\Wbem;C:\WINDOWS\System32\WindowsPowerShell\v1.0\;C:\Program Files (x86)\Skype\Phone\;c:\Program Files\Intel\WiFi\bin\;c:\Program Files\Common Files\Intel\WirelessCommon\;%USERPROFILE%\.dnx\bin;C:\Program Files\Microsoft DNX\Dnvm\;C:\Program Files\Microsoft SQL Server\130\Tools\Binn\;C:\Program Files (x86)\Windows Kits\8.1\Windows Performance Toolkit\;C:\Program Files\Git\cmd;C:\openvc\build\x64\vc14\bin;C:\ipfs;C:\node\;C:\Users\oranm\Programs\Overlook Fing 3.0\bin\;C:\Program Files\MongoDB\Server\3.4\bin;C:\python3\Scripts\;C:\python3\;C:\Users\oranm\Programs\Docker Toolbox;C:\Users\oranm\AppData\Local\Microsoft\WindowsApps;C:\Users\oranm\Programs\Nmap;C:\Users\oranm\AppData\Roaming\Dashlane\4.6.2.19264\bin\Firefox_Extension\{442718d9-475e-452a-b3e1-fb1ee16b8e9f}\components;C:\Users\oranm\AppData\Roaming\Dashlane\4.6.3.20593\bin\Firefox_Extension\{442718d9-475e-452a-b3e1-fb1ee16b8e9f}\components;C:\Users\oranm\AppData\Roaming\Dashlane\4.6.5.21982\bin\Firefox_Extension\{442718d9-475e-452a-b3e1-fb1ee16b8e9f}\components;C:\Users\oranm\AppData\Roaming\npm;C:\Users\oranm\AppData\Roaming\Dashlane\4.6.6.23032\bin\Firefox_Extension\{442718d9-475e-452a-b3e1-fb1ee16b8e9f}\components
10 verbose lifecycle jumpnotes@1.0.0~start: CWD: C:\Users\oranm\Google Drive\01-Coding\jumpnotes
11 silly lifecycle jumpnotes@1.0.0~start: Args: [ '/d /s /c',
11 silly lifecycle   'start cmd /k mongod --dbpath data & node server.js' ]
12 silly lifecycle jumpnotes@1.0.0~start: Returned: code: 3221225786  signal: null
13 info lifecycle jumpnotes@1.0.0~start: Failed to exec start script
14 verbose stack Error: jumpnotes@1.0.0 start: `start cmd /k mongod --dbpath data & node server.js`
14 verbose stack Exit status 3221225786
14 verbose stack     at EventEmitter.<anonymous> (C:\node\node_modules\npm\lib\utils\lifecycle.js:255:16)
14 verbose stack     at emitTwo (events.js:106:13)
14 verbose stack     at EventEmitter.emit (events.js:191:7)
14 verbose stack     at ChildProcess.<anonymous> (C:\node\node_modules\npm\lib\utils\spawn.js:40:14)
14 verbose stack     at emitTwo (events.js:106:13)
14 verbose stack     at ChildProcess.emit (events.js:191:7)
14 verbose stack     at maybeClose (internal/child_process.js:877:16)
14 verbose stack     at Process.ChildProcess._handle.onexit (internal/child_process.js:226:5)
15 verbose pkgid jumpnotes@1.0.0
16 verbose cwd C:\Users\oranm\Google Drive\01-Coding\jumpnotes\public
17 error Windows_NT 10.0.14393
18 error argv "C:\\node\\node.exe" "C:\\node\\node_modules\\npm\\bin\\npm-cli.js" "start"
19 error node v6.9.4
20 error npm  v3.10.10
21 error code ELIFECYCLE
22 error jumpnotes@1.0.0 start: `start cmd /k mongod --dbpath data & node server.js`
22 error Exit status 3221225786
23 error Failed at the jumpnotes@1.0.0 start script 'start cmd /k mongod --dbpath data & node server.js'.
23 error Make sure you have the latest version of node.js and npm installed.
23 error If you do, this is most likely a problem with the jumpnotes package,
23 error not with npm itself.
23 error Tell the author that this fails on your system:
23 error     start cmd /k mongod --dbpath data & node server.js
23 error You can get information on how to open an issue for this project with:
23 error     npm bugs jumpnotes
23 error Or if that isn't available, you can get their info via:
23 error     npm owner ls jumpnotes
23 error There is likely additional logging output above.
24 verbose exit [ 1, true ]
